Traceback (most recent call last):
  File "/home/muis/thesis/github-repo/master-thesis/mc_darts.py", line 182, in <module>
    main()
  File "/home/muis/thesis/github-repo/master-thesis/mc_darts.py", line 171, in main
    train(model, train_loader, optimizer, criterion)
  File "/home/muis/thesis/github-repo/master-thesis/mc_darts.py", line 133, in train
    outputs = model(images)
              ^^^^^^^^^^^^^
  File "/home/muis/.virtualenvs/master-thesis/lib/python3.12/site-packages/torch/nn/modules/module.py", line 1739, in _wrapped_call_impl
    return self._call_impl(*args, **kwargs)
           ^^^^^^^^^^^^^^^^^^^^^^^^^^^^^^^^
  File "/home/muis/.virtualenvs/master-thesis/lib/python3.12/site-packages/torch/nn/modules/module.py", line 1750, in _call_impl
    return forward_call(*args, **kwargs)
           ^^^^^^^^^^^^^^^^^^^^^^^^^^^^^
  File "/home/muis/thesis/github-repo/master-thesis/mc_darts.py", line 88, in forward
    x = cell([x, x], weights)
        ^^^^^^^^^^^^^^^^^^^^^
  File "/home/muis/.virtualenvs/master-thesis/lib/python3.12/site-packages/torch/nn/modules/module.py", line 1739, in _wrapped_call_impl
    return self._call_impl(*args, **kwargs)
           ^^^^^^^^^^^^^^^^^^^^^^^^^^^^^^^^
  File "/home/muis/.virtualenvs/master-thesis/lib/python3.12/site-packages/torch/nn/modules/module.py", line 1750, in _call_impl
    return forward_call(*args, **kwargs)
           ^^^^^^^^^^^^^^^^^^^^^^^^^^^^^
  File "/home/muis/thesis/github-repo/master-thesis/mc_darts.py", line 57, in forward
    s = sum(self._ops[offset + j](h, weights[offset + j])
        ^^^^^^^^^^^^^^^^^^^^^^^^^^^^^^^^^^^^^^^^^^^^^^^^^
  File "/home/muis/thesis/github-repo/master-thesis/mc_darts.py", line 57, in <genexpr>
    s = sum(self._ops[offset + j](h, weights[offset + j])
            ~~~~~~~~~^^^^^^^^^^^^
  File "/home/muis/.virtualenvs/master-thesis/lib/python3.12/site-packages/torch/nn/modules/container.py", line 334, in __getitem__
    return self._modules[self._get_abs_string_index(idx)]
                         ^^^^^^^^^^^^^^^^^^^^^^^^^^^^^^^
  File "/home/muis/.virtualenvs/master-thesis/lib/python3.12/site-packages/torch/nn/modules/container.py", line 316, in _get_abs_string_index
    raise IndexError(f"index {idx} is out of range")
IndexError: index 27 is out of range